<?xml version="1.0" encoding="UTF-8"?>
<!-- Generated by org.testng.reporters.JUnitXMLReporter -->
<testsuite hostname="LAPTOP-G3MDKHV7" ignored="0" name="Command line test" tests="1" failures="0" timestamp="18 Jun 2019 03:13:06 GMT" time="0.037" errors="0">
  <testcase name="@BeforeClass setupDriver" time="0.0" classname="base.CommonAPI">
    <failure type="org.testng.TestNGException" message="
Parameter &amp;apos;platform&amp;apos; is required by BeforeClass on method setupDriver but has not been marked @Optional or defined
">
      <![CDATA[org.testng.TestNGException: 
Parameter 'platform' is required by BeforeClass on method setupDriver but has not been marked @Optional or defined

... Removed 32 stack frames]]>
    </failure>
  </testcase> <!-- @BeforeClass setupDriver -->
  <testcase name="@BeforeMethod startExtent" time="0.0" classname="base.CommonAPI">
    <skipped/>
  </testcase> <!-- @BeforeMethod startExtent -->
  <testcase name="@BeforeMethod initialization" time="0.0" classname="TestAmazonHomePage.TestAmazonHome">
    <skipped/>
  </testcase> <!-- @BeforeMethod initialization -->
  <testcase name="@AfterMethod afterEachTestMethod" time="0.0" classname="base.CommonAPI">
    <skipped/>
  </testcase> <!-- @AfterMethod afterEachTestMethod -->
  <testcase name="@AfterClass quitDriver" time="0.0" classname="base.CommonAPI">
    <skipped/>
  </testcase> <!-- @AfterClass quitDriver -->
  <testcase name="clickOnOrders" time="0.0" classname="TestAmazonHomePage.TestAmazonHome">
    <skipped/>
  </testcase> <!-- clickOnOrders -->
</testsuite> <!-- Command line test -->
