<?xml version="1.0" encoding="UTF-8" ?>
<testsuite tests="7" failures="1" name="TestAmazonHomePage.TestAmazonHome" time="30.549" errors="0" skipped="6">
  <properties>
[...]
</properties>
  <testcase classname="TestAmazonHomePage.TestAmazonHome" name="setupDriver" time="4.352">
    <failure message="
Parameter &apos;platform&apos; is required by BeforeClass on method setupDriver but has not been marked @Optional or defined
" type="org.testng.TestNGException">org.testng.TestNGException: 
Parameter &apos;platform&apos; is required by BeforeClass on method setupDriver but has not been marked @Optional or defined

	at org.testng.internal.Parameters.createParams(Parameters.java:290)
	at org.testng.internal.Parameters.createParametersForMethod(Parameters.java:359)
	at org.testng.internal.Parameters.createParameters(Parameters.java:620)
	at org.testng.internal.Parameters.createConfigurationParameters(Parameters.java:190)
	at org.testng.internal.Invoker.invokeConfigurations(Invoker.java:209)
	at org.testng.internal.Invoker.invokeConfigurations(Invoker.java:142)
	at org.testng.internal.TestMethodWorker.invokeBeforeClassMethods(TestMethodWorker.java:168)
	at org.testng.internal.TestMethodWorker.run(TestMethodWorker.java:105)
	at org.testng.TestRunner.privateRun(TestRunner.java:648)
	at org.testng.TestRunner.run(TestRunner.java:505)
	at org.testng.SuiteRunner.runTest(SuiteRunner.java:455)
	at org.testng.SuiteRunner.runSequentially(SuiteRunner.java:450)
	at org.testng.SuiteRunner.privateRun(SuiteRunner.java:415)
	at org.testng.SuiteRunner.run(SuiteRunner.java:364)
	at org.testng.SuiteRunnerWorker.runSuite(SuiteRunnerWorker.java:52)
	at org.testng.SuiteRunnerWorker.run(SuiteRunnerWorker.java:84)
	at org.testng.TestNG.runSuitesSequentially(TestNG.java:1208)
	at org.testng.TestNG.runSuitesLocally(TestNG.java:1137)
	at org.testng.TestNG.runSuites(TestNG.java:1049)
	at org.testng.TestNG.run(TestNG.java:1017)
	at org.apache.maven.surefire.testng.TestNGExecutor.run(TestNGExecutor.java:77)
	at org.apache.maven.surefire.testng.TestNGDirectoryTestSuite.execute(TestNGDirectoryTestSuite.java:110)
	at org.apache.maven.surefire.testng.TestNGProvider.invoke(TestNGProvider.java:106)
	at sun.reflect.NativeMethodAccessorImpl.invoke0(Native Method)
	at sun.reflect.NativeMethodAccessorImpl.invoke(NativeMethodAccessorImpl.java:62)
	at sun.reflect.DelegatingMethodAccessorImpl.invoke(DelegatingMethodAccessorImpl.java:43)
	at java.lang.reflect.Method.invoke(Method.java:498)
	at org.apache.maven.surefire.util.ReflectionUtils.invokeMethodWithArray(ReflectionUtils.java:189)
	at org.apache.maven.surefire.booter.ProviderFactory$ProviderProxy.invoke(ProviderFactory.java:165)
	at org.apache.maven.surefire.booter.ProviderFactory.invokeProvider(ProviderFactory.java:85)
	at org.apache.maven.surefire.booter.ForkedBooter.runSuitesInProcess(ForkedBooter.java:115)
	at org.apache.maven.surefire.booter.ForkedBooter.main(ForkedBooter.java:75)
</failure>
    <system-out>Configuring TestNG with: org.apache.maven.surefire.testng.conf.TestNG652Configurator@182decdb
Extent Report DirectoryC:\Users\shahi\BootCampFinal\Amazon\target\surefire-reports\html
</system-out>
  </testcase>
  <testcase classname="TestAmazonHomePage.TestAmazonHome" name="startExtent" time="4.357">
    <skipped/>
  </testcase>
  <testcase classname="TestAmazonHomePage.TestAmazonHome" name="initialization" time="4.357">
    <skipped/>
  </testcase>
  <testcase classname="TestAmazonHomePage.TestAmazonHome" name="clickOnOrders" time="4.358">
    <skipped/>
  </testcase>
  <testcase classname="TestAmazonHomePage.TestAmazonHome" name="afterEachTestMethod" time="4.358">
    <skipped/>
  </testcase>
  <testcase classname="TestAmazonHomePage.TestAmazonHome" name="quitDriver" time="4.359">
    <skipped/>
  </testcase>
  <testcase classname="TestAmazonHomePage.TestAmazonHome" name="generateReport" time="4.408">
    <skipped/>
  </testcase>
</testsuite>